2017-07-31 11:43:12,978 - Option "-p" must be specified.
com.netsuite.ide.exception.CliException: Option "-p" must be specified.
	at com.netsuite.ide.core.cli.CliParser.parseArguments(CliParser.java:437)
	at com.netsuite.ide.core.cli.CliParser.getObjectInstance(CliParser.java:254)
	at com.netsuite.tools.SDF.execute(SDF.java:254)
	at com.netsuite.tools.SDF.main(SDF.java:86)
	at sun.reflect.NativeMethodAccessorImpl.invoke0(Native Method)
	at sun.reflect.NativeMethodAccessorImpl.invoke(NativeMethodAccessorImpl.java:62)
	at sun.reflect.DelegatingMethodAccessorImpl.invoke(DelegatingMethodAccessorImpl.java:43)
	at java.lang.reflect.Method.invoke(Method.java:498)
	at org.codehaus.mojo.exec.ExecJavaMojo$1.run(ExecJavaMojo.java:294)
	at java.lang.Thread.run(Thread.java:745)
2017-07-31 11:53:32,912 - *** ERROR ***
2017-07-31 11:53:32,913 - 
2017-07-31 11:53:32,913 - Validation failed.
2017-07-31 11:53:32,913 - 
2017-07-31 11:53:32,913 - An error occurred during manifest validation.
2017-07-31 11:53:32,913 - Details: The manifest file is missing.
2017-07-31 11:53:32,913 - File: manifest.xml
2017-07-31 11:53:53,107 - *** ERROR ***
2017-07-31 11:53:53,107 - 
2017-07-31 11:53:53,107 - Validation failed.
2017-07-31 11:53:53,107 - 
2017-07-31 11:53:53,107 - An error occurred during manifest validation.
2017-07-31 11:53:53,108 - Details: The manifest file is missing.
2017-07-31 11:53:53,108 - File: manifest.xml
2017-07-31 15:40:44,557 - You have entered an invalid email address or password. Please try again.
java.lang.Exception: You have entered an invalid email address or password. Please try again.
	at com.netsuite.ide.core.http.GetRolesHttpClient.getRoles(GetRolesHttpClient.java:55)
	at com.netsuite.suiteapp.Account.retrieveDataCenterUrls(Account.java:172)
	at com.netsuite.tools.SDF.getAccount(SDF.java:140)
	at com.netsuite.tools.SDF.execute(SDF.java:270)
	at com.netsuite.tools.SDF.main(SDF.java:86)
	at sun.reflect.NativeMethodAccessorImpl.invoke0(Native Method)
	at sun.reflect.NativeMethodAccessorImpl.invoke(NativeMethodAccessorImpl.java:62)
	at sun.reflect.DelegatingMethodAccessorImpl.invoke(DelegatingMethodAccessorImpl.java:43)
	at java.lang.reflect.Method.invoke(Method.java:498)
	at org.codehaus.mojo.exec.ExecJavaMojo$1.run(ExecJavaMojo.java:294)
	at java.lang.Thread.run(Thread.java:745)
2017-07-31 15:40:57,833 - You have entered an invalid email address or password. Please try again.
java.lang.Exception: You have entered an invalid email address or password. Please try again.
	at com.netsuite.ide.core.http.GetRolesHttpClient.getRoles(GetRolesHttpClient.java:55)
	at com.netsuite.suiteapp.Account.retrieveDataCenterUrls(Account.java:172)
	at com.netsuite.tools.SDF.getAccount(SDF.java:140)
	at com.netsuite.tools.SDF.execute(SDF.java:270)
	at com.netsuite.tools.SDF.main(SDF.java:86)
	at sun.reflect.NativeMethodAccessorImpl.invoke0(Native Method)
	at sun.reflect.NativeMethodAccessorImpl.invoke(NativeMethodAccessorImpl.java:62)
	at sun.reflect.DelegatingMethodAccessorImpl.invoke(DelegatingMethodAccessorImpl.java:43)
	at java.lang.reflect.Method.invoke(Method.java:498)
	at org.codehaus.mojo.exec.ExecJavaMojo$1.run(ExecJavaMojo.java:294)
	at java.lang.Thread.run(Thread.java:745)
2017-07-31 15:44:24,003 - You have entered an invalid email address or password. Please try again.
java.lang.Exception: You have entered an invalid email address or password. Please try again.
	at com.netsuite.ide.core.http.GetRolesHttpClient.getRoles(GetRolesHttpClient.java:55)
	at com.netsuite.suiteapp.Account.retrieveDataCenterUrls(Account.java:172)
	at com.netsuite.tools.SDF.getAccount(SDF.java:140)
	at com.netsuite.tools.SDF.execute(SDF.java:270)
	at com.netsuite.tools.SDF.main(SDF.java:86)
	at sun.reflect.NativeMethodAccessorImpl.invoke0(Native Method)
	at sun.reflect.NativeMethodAccessorImpl.invoke(NativeMethodAccessorImpl.java:62)
	at sun.reflect.DelegatingMethodAccessorImpl.invoke(DelegatingMethodAccessorImpl.java:43)
	at java.lang.reflect.Method.invoke(Method.java:498)
	at org.codehaus.mojo.exec.ExecJavaMojo$1.run(ExecJavaMojo.java:294)
	at java.lang.Thread.run(Thread.java:745)
